****                   ADMIXTURE Version 1.3.0                  ****
****                    Copyright 2008-2015                     ****
****           David Alexander, Suyash Shringarpure,            ****
****                John  Novembre, Ken Lange                   ****
****                                                            ****
****                 Please cite our paper!                     ****
****   Information at www.genetics.ucla.edu/software/admixture  ****

Cross-validation will be performed.  Folds=10.
Random seed: 43
Point estimation method: Block relaxation algorithm
Convergence acceleration algorithm: QuasiNewton, 3 secant conditions
Point estimation will terminate when objective function delta < 0.0001
Estimation of standard errors disabled; will compute point estimates only.
Size of G: 150x290856
Performing five EM steps to prime main algorithm
1 (EM) 	Elapsed: 1.953	Loglikelihood: -7.93937e+06	(delta): 6.27055e+07
2 (EM) 	Elapsed: 1.785	Loglikelihood: -7.6236e+06	(delta): 315772
3 (EM) 	Elapsed: 1.701	Loglikelihood: -7.53534e+06	(delta): 88250.8
4 (EM) 	Elapsed: 1.703	Loglikelihood: -7.48684e+06	(delta): 48508.9
5 (EM) 	Elapsed: 1.703	Loglikelihood: -7.45767e+06	(delta): 29160.5
Initial loglikelihood: -7.45767e+06
Starting main algorithm
1 (QN/Block) 	Elapsed: 4.446	Loglikelihood: -6.51504e+06	(delta): 942635
2 (QN/Block) 	Elapsed: 4.457	Loglikelihood: -6.18791e+06	(delta): 327130
3 (QN/Block) 	Elapsed: 5.068	Loglikelihood: -6.0268e+06	(delta): 161108
4 (QN/Block) 	Elapsed: 5.063	Loglikelihood: -5.94045e+06	(delta): 86350.6
5 (QN/Block) 	Elapsed: 5.058	Loglikelihood: -5.89805e+06	(delta): 42398.2
6 (QN/Block) 	Elapsed: 5.32	Loglikelihood: -5.88861e+06	(delta): 9441.04
7 (QN/Block) 	Elapsed: 5.057	Loglikelihood: -5.88532e+06	(delta): 3289.53
8 (QN/Block) 	Elapsed: 5.835	Loglikelihood: -5.88356e+06	(delta): 1766.82
9 (QN/Block) 	Elapsed: 5.032	Loglikelihood: -5.8829e+06	(delta): 658.445
10 (QN/Block) 	Elapsed: 5.562	Loglikelihood: -5.88274e+06	(delta): 161.23
11 (QN/Block) 	Elapsed: 5.029	Loglikelihood: -5.88272e+06	(delta): 19.5011
12 (QN/Block) 	Elapsed: 5.04	Loglikelihood: -5.88271e+06	(delta): 2.44783
13 (QN/Block) 	Elapsed: 5.833	Loglikelihood: -5.88271e+06	(delta): 0.0941287
14 (QN/Block) 	Elapsed: 5.04	Loglikelihood: -5.88271e+06	(delta): 0.000173844
15 (QN/Block) 	Elapsed: 5.042	Loglikelihood: -5.88271e+06	(delta): 6.27246e-06
Summary: 
Converged in 15 iterations (91.865 sec)
Loglikelihood: -5882713.880261
Fst divergences between estimated populations: 
	Pop0	Pop1	
Pop0	
Pop1	0.386	
Pop2	0.243	0.251	
CV error (K=3): 0.09055
Writing output files.
