****                   ADMIXTURE Version 1.3.0                  ****
****                    Copyright 2008-2015                     ****
****           David Alexander, Suyash Shringarpure,            ****
****                John  Novembre, Ken Lange                   ****
****                                                            ****
****                 Please cite our paper!                     ****
****   Information at www.genetics.ucla.edu/software/admixture  ****

Cross-validation will be performed.  Folds=10.
Parallel execution requested.  Will use 24 threads.
Random seed: 43
Point estimation method: Block relaxation algorithm
Convergence acceleration algorithm: QuasiNewton, 3 secant conditions
Point estimation will terminate when objective function delta < 0.0001
Estimation of standard errors disabled; will compute point estimates only.
Size of G: 150x290856
Performing five EM steps to prime main algorithm
1 (EM) 	Elapsed: 2.312	Loglikelihood: -7.88273e+06	(delta): 5.40743e+07
2 (EM) 	Elapsed: 2.289	Loglikelihood: -7.51834e+06	(delta): 364381
3 (EM) 	Elapsed: 2.3	Loglikelihood: -7.44835e+06	(delta): 69998.3
4 (EM) 	Elapsed: 2.296	Loglikelihood: -7.40194e+06	(delta): 46404.7
5 (EM) 	Elapsed: 2.312	Loglikelihood: -7.36126e+06	(delta): 40686.7
Initial loglikelihood: -7.36126e+06
Starting main algorithm
1 (QN/Block) 	Elapsed: 10.965	Loglikelihood: -5.14562e+06	(delta): 2.21564e+06
2 (QN/Block) 	Elapsed: 10.986	Loglikelihood: -4.56312e+06	(delta): 582498
3 (QN/Block) 	Elapsed: 11.707	Loglikelihood: -4.29221e+06	(delta): 270916
4 (QN/Block) 	Elapsed: 11.574	Loglikelihood: -4.12493e+06	(delta): 167271
5 (QN/Block) 	Elapsed: 11.577	Loglikelihood: -4.0382e+06	(delta): 86730.9
6 (QN/Block) 	Elapsed: 11.685	Loglikelihood: -3.98968e+06	(delta): 48527.5
7 (QN/Block) 	Elapsed: 11.634	Loglikelihood: -3.96937e+06	(delta): 20301
8 (QN/Block) 	Elapsed: 11.584	Loglikelihood: -3.9658e+06	(delta): 3577.14
9 (QN/Block) 	Elapsed: 11.593	Loglikelihood: -3.96496e+06	(delta): 841.423
10 (QN/Block) 	Elapsed: 11.599	Loglikelihood: -3.96452e+06	(delta): 432.68
11 (QN/Block) 	Elapsed: 11.566	Loglikelihood: -3.96379e+06	(delta): 737.856
12 (QN/Block) 	Elapsed: 11.589	Loglikelihood: -3.96249e+06	(delta): 1294.73
13 (QN/Block) 	Elapsed: 11.573	Loglikelihood: -3.96098e+06	(delta): 1508.96
14 (QN/Block) 	Elapsed: 11.63	Loglikelihood: -3.95956e+06	(delta): 1425.9
15 (QN/Block) 	Elapsed: 11.541	Loglikelihood: -3.95887e+06	(delta): 682.368
16 (QN/Block) 	Elapsed: 11.565	Loglikelihood: -3.95858e+06	(delta): 290.349
17 (QN/Block) 	Elapsed: 11.582	Loglikelihood: -3.95824e+06	(delta): 338.165
18 (QN/Block) 	Elapsed: 11.747	Loglikelihood: -3.95803e+06	(delta): 213.047
19 (QN/Block) 	Elapsed: 11.626	Loglikelihood: -3.95799e+06	(delta): 41.3121
20 (QN/Block) 	Elapsed: 11.68	Loglikelihood: -3.95797e+06	(delta): 25.4874
21 (QN/Block) 	Elapsed: 11.72	Loglikelihood: -3.95795e+06	(delta): 18.5494
22 (QN/Block) 	Elapsed: 11.588	Loglikelihood: -3.95788e+06	(delta): 63.8154
23 (QN/Block) 	Elapsed: 11.832	Loglikelihood: -3.95784e+06	(delta): 44.2948
24 (QN/Block) 	Elapsed: 11.699	Loglikelihood: -3.95783e+06	(delta): 8.18041
25 (QN/Block) 	Elapsed: 11.587	Loglikelihood: -3.95783e+06	(delta): 2.0669
26 (QN/Block) 	Elapsed: 11.556	Loglikelihood: -3.95783e+06	(delta): 0.486987
27 (QN/Block) 	Elapsed: 11.663	Loglikelihood: -3.95783e+06	(delta): 0.100898
28 (QN/Block) 	Elapsed: 11.52	Loglikelihood: -3.95783e+06	(delta): 0.054049
29 (QN/Block) 	Elapsed: 11.511	Loglikelihood: -3.95783e+06	(delta): 0.0041491
30 (QN/Block) 	Elapsed: 11.635	Loglikelihood: -3.95783e+06	(delta): 0.000642791
31 (QN/Block) 	Elapsed: 11.801	Loglikelihood: -3.95783e+06	(delta): 6.42557e-05
Summary: 
Converged in 31 iterations (372.533 sec)
Loglikelihood: -3957827.546983
Fst divergences between estimated populations: 
	Pop0	Pop1	Pop2	Pop3	Pop4	Pop5	Pop6	Pop7	Pop8	Pop9	Pop10	Pop11	Pop12	Pop13	Pop14	Pop15	Pop16	Pop17	Pop18	
Pop0	
Pop1	0.532	
Pop2	0.358	0.423	
Pop3	0.533	0.631	0.468	
Pop4	0.233	0.505	0.311	0.493	
Pop5	0.536	0.451	0.408	0.619	0.486	
Pop6	0.407	0.491	0.218	0.500	0.350	0.458	
Pop7	0.512	0.490	0.424	0.602	0.466	0.472	0.457	
Pop8	0.280	0.541	0.320	0.549	0.272	0.515	0.375	0.526	
Pop9	0.491	0.593	0.421	0.391	0.456	0.578	0.462	0.555	0.513	
Pop10	0.462	0.564	0.402	0.357	0.422	0.547	0.436	0.530	0.486	0.303	
Pop11	0.507	0.609	0.442	0.313	0.468	0.591	0.479	0.574	0.527	0.352	0.314	
Pop12	0.347	0.441	0.200	0.441	0.292	0.419	0.215	0.390	0.362	0.396	0.379	0.419	
Pop13	0.434	0.536	0.373	0.343	0.402	0.521	0.409	0.500	0.457	0.192	0.236	0.304	0.348	
Pop14	0.468	0.540	0.361	0.563	0.432	0.526	0.414	0.531	0.468	0.519	0.493	0.537	0.361	0.468	
Pop15	0.456	0.533	0.357	0.560	0.428	0.530	0.407	0.535	0.463	0.520	0.495	0.539	0.351	0.471	0.180	
Pop16	0.496	0.578	0.398	0.600	0.472	0.566	0.452	0.571	0.496	0.556	0.533	0.577	0.396	0.506	0.194	0.225	
Pop17	0.515	0.625	0.399	0.588	0.473	0.601	0.420	0.574	0.527	0.538	0.517	0.564	0.330	0.483	0.534	0.526	0.575	
Pop18	0.412	0.489	0.227	0.513	0.361	0.458	0.256	0.477	0.383	0.468	0.447	0.490	0.253	0.418	0.410	0.404	0.446	0.453	
Pop19	0.522	0.621	0.449	0.443	0.486	0.606	0.481	0.584	0.539	0.364	0.353	0.413	0.426	0.296	0.548	0.550	0.586	0.565	0.490	
CV error (K=20): 0.07148
Writing output files.
