****                   ADMIXTURE Version 1.3.0                  ****
****                    Copyright 2008-2015                     ****
****           David Alexander, Suyash Shringarpure,            ****
****                John  Novembre, Ken Lange                   ****
****                                                            ****
****                 Please cite our paper!                     ****
****   Information at www.genetics.ucla.edu/software/admixture  ****

Cross-validation will be performed.  Folds=10.
Parallel execution requested.  Will use 24 threads.
Random seed: 43
Point estimation method: Block relaxation algorithm
Convergence acceleration algorithm: QuasiNewton, 3 secant conditions
Point estimation will terminate when objective function delta < 0.0001
Estimation of standard errors disabled; will compute point estimates only.
Size of G: 150x290856
Performing five EM steps to prime main algorithm
1 (EM) 	Elapsed: 1.616	Loglikelihood: -7.89592e+06	(delta): 5.48182e+07
2 (EM) 	Elapsed: 1.616	Loglikelihood: -7.5335e+06	(delta): 362417
3 (EM) 	Elapsed: 1.606	Loglikelihood: -7.45333e+06	(delta): 80174.4
4 (EM) 	Elapsed: 1.613	Loglikelihood: -7.39814e+06	(delta): 55183.7
5 (EM) 	Elapsed: 1.615	Loglikelihood: -7.35034e+06	(delta): 47803.1
Initial loglikelihood: -7.35034e+06
Starting main algorithm
1 (QN/Block) 	Elapsed: 7.335	Loglikelihood: -5.46394e+06	(delta): 1.8864e+06
2 (QN/Block) 	Elapsed: 7.297	Loglikelihood: -4.79146e+06	(delta): 672474
3 (QN/Block) 	Elapsed: 7.8	Loglikelihood: -4.55169e+06	(delta): 239774
4 (QN/Block) 	Elapsed: 7.646	Loglikelihood: -4.4194e+06	(delta): 132285
5 (QN/Block) 	Elapsed: 7.632	Loglikelihood: -4.34505e+06	(delta): 74347.4
6 (QN/Block) 	Elapsed: 7.644	Loglikelihood: -4.29527e+06	(delta): 49783.1
7 (QN/Block) 	Elapsed: 7.661	Loglikelihood: -4.27105e+06	(delta): 24217.9
8 (QN/Block) 	Elapsed: 7.64	Loglikelihood: -4.26312e+06	(delta): 7934.56
9 (QN/Block) 	Elapsed: 7.653	Loglikelihood: -4.26031e+06	(delta): 2812.16
10 (QN/Block) 	Elapsed: 7.676	Loglikelihood: -4.25766e+06	(delta): 2650.74
11 (QN/Block) 	Elapsed: 7.65	Loglikelihood: -4.25586e+06	(delta): 1793.55
12 (QN/Block) 	Elapsed: 7.631	Loglikelihood: -4.25487e+06	(delta): 992.388
13 (QN/Block) 	Elapsed: 7.621	Loglikelihood: -4.25433e+06	(delta): 536.926
14 (QN/Block) 	Elapsed: 7.639	Loglikelihood: -4.25407e+06	(delta): 266.545
15 (QN/Block) 	Elapsed: 7.648	Loglikelihood: -4.25397e+06	(delta): 99.7286
16 (QN/Block) 	Elapsed: 7.682	Loglikelihood: -4.25386e+06	(delta): 108.884
17 (QN/Block) 	Elapsed: 7.734	Loglikelihood: -4.25384e+06	(delta): 23.2211
18 (QN/Block) 	Elapsed: 7.737	Loglikelihood: -4.25382e+06	(delta): 14.4002
19 (QN/Block) 	Elapsed: 7.682	Loglikelihood: -4.25381e+06	(delta): 8.72873
20 (QN/Block) 	Elapsed: 7.65	Loglikelihood: -4.25377e+06	(delta): 47.1514
21 (QN/Block) 	Elapsed: 7.681	Loglikelihood: -4.25372e+06	(delta): 45.5388
22 (QN/Block) 	Elapsed: 7.736	Loglikelihood: -4.25371e+06	(delta): 6.81813
23 (QN/Block) 	Elapsed: 7.723	Loglikelihood: -4.2537e+06	(delta): 9.96092
24 (QN/Block) 	Elapsed: 7.747	Loglikelihood: -4.25369e+06	(delta): 14.5803
25 (QN/Block) 	Elapsed: 7.775	Loglikelihood: -4.25368e+06	(delta): 9.7659
26 (QN/Block) 	Elapsed: 7.734	Loglikelihood: -4.25367e+06	(delta): 7.35201
27 (QN/Block) 	Elapsed: 7.772	Loglikelihood: -4.25367e+06	(delta): 3.41234
28 (QN/Block) 	Elapsed: 7.639	Loglikelihood: -4.25366e+06	(delta): 3.18268
29 (QN/Block) 	Elapsed: 7.632	Loglikelihood: -4.25366e+06	(delta): 0.872856
30 (QN/Block) 	Elapsed: 7.645	Loglikelihood: -4.25366e+06	(delta): 0.0645101
31 (QN/Block) 	Elapsed: 7.653	Loglikelihood: -4.25366e+06	(delta): 0.0205038
32 (QN/Block) 	Elapsed: 7.595	Loglikelihood: -4.25366e+06	(delta): 0.00228963
33 (QN/Block) 	Elapsed: 7.634	Loglikelihood: -4.25366e+06	(delta): 0.000112749
34 (QN/Block) 	Elapsed: 7.652	Loglikelihood: -4.25366e+06	(delta): 1.66167e-05
Summary: 
Converged in 34 iterations (269.796 sec)
Loglikelihood: -4253663.429352
Fst divergences between estimated populations: 
	Pop0	Pop1	Pop2	Pop3	Pop4	Pop5	Pop6	Pop7	Pop8	Pop9	Pop10	Pop11	
Pop0	
Pop1	0.481	
Pop2	0.631	0.492	
Pop3	0.511	0.353	0.485	
Pop4	0.478	0.326	0.492	0.313	
Pop5	0.312	0.366	0.516	0.393	0.361	
Pop6	0.326	0.378	0.526	0.405	0.369	0.166	
Pop7	0.451	0.288	0.412	0.203	0.247	0.339	0.349	
Pop8	0.313	0.456	0.609	0.488	0.455	0.277	0.287	0.426	
Pop9	0.603	0.457	0.491	0.474	0.438	0.480	0.489	0.404	0.574	
Pop10	0.539	0.388	0.506	0.377	0.371	0.426	0.438	0.317	0.517	0.504	
Pop11	0.543	0.249	0.526	0.380	0.397	0.434	0.443	0.301	0.522	0.521	0.426	
Pop12	0.619	0.479	0.451	0.454	0.466	0.502	0.512	0.390	0.591	0.473	0.497	0.513	
CV error (K=13): 0.06577
Writing output files.
