****                   ADMIXTURE Version 1.3.0                  ****
****                    Copyright 2008-2015                     ****
****           David Alexander, Suyash Shringarpure,            ****
****                John  Novembre, Ken Lange                   ****
****                                                            ****
****                 Please cite our paper!                     ****
****   Information at www.genetics.ucla.edu/software/admixture  ****

Cross-validation will be performed.  Folds=10.
Random seed: 43
Point estimation method: Block relaxation algorithm
Convergence acceleration algorithm: QuasiNewton, 3 secant conditions
Point estimation will terminate when objective function delta < 0.0001
Estimation of standard errors disabled; will compute point estimates only.
Size of G: 150x290856
Performing five EM steps to prime main algorithm
1 (EM) 	Elapsed: 2.624	Loglikelihood: -7.95931e+06	(delta): 5.73681e+07
2 (EM) 	Elapsed: 2.583	Loglikelihood: -7.61741e+06	(delta): 341893
3 (EM) 	Elapsed: 3.053	Loglikelihood: -7.53467e+06	(delta): 82742
4 (EM) 	Elapsed: 2.794	Loglikelihood: -7.48117e+06	(delta): 53497.2
5 (EM) 	Elapsed: 2.778	Loglikelihood: -7.43905e+06	(delta): 42126.5
Initial loglikelihood: -7.43905e+06
Starting main algorithm
1 (QN/Block) 	Elapsed: 9.151	Loglikelihood: -5.74053e+06	(delta): 1.69851e+06
2 (QN/Block) 	Elapsed: 9.088	Loglikelihood: -5.24005e+06	(delta): 500488
3 (QN/Block) 	Elapsed: 10.393	Loglikelihood: -5.05861e+06	(delta): 181432
4 (QN/Block) 	Elapsed: 10.016	Loglikelihood: -4.96008e+06	(delta): 98533.1
5 (QN/Block) 	Elapsed: 9.966	Loglikelihood: -4.91551e+06	(delta): 44575.1
6 (QN/Block) 	Elapsed: 9.955	Loglikelihood: -4.89947e+06	(delta): 16036.6
7 (QN/Block) 	Elapsed: 9.931	Loglikelihood: -4.89548e+06	(delta): 3984.08
8 (QN/Block) 	Elapsed: 10.384	Loglikelihood: -4.89424e+06	(delta): 1244.51
9 (QN/Block) 	Elapsed: 9.969	Loglikelihood: -4.89398e+06	(delta): 255.08
10 (QN/Block) 	Elapsed: 9.976	Loglikelihood: -4.89394e+06	(delta): 42.2926
11 (QN/Block) 	Elapsed: 10.372	Loglikelihood: -4.89394e+06	(delta): 3.87819
12 (QN/Block) 	Elapsed: 11.311	Loglikelihood: -4.89394e+06	(delta): 0.0588867
13 (QN/Block) 	Elapsed: 9.964	Loglikelihood: -4.89394e+06	(delta): 0.000262375
14 (QN/Block) 	Elapsed: 9.968	Loglikelihood: -4.89394e+06	(delta): 3.85288e-06
Summary: 
Converged in 14 iterations (163.003 sec)
Loglikelihood: -4893938.645171
Fst divergences between estimated populations: 
	Pop0	Pop1	Pop2	Pop3	Pop4	
Pop0	
Pop1	0.463	
Pop2	0.395	0.327	
Pop3	0.267	0.364	0.279	
Pop4	0.391	0.485	0.424	0.279	
Pop5	0.321	0.442	0.362	0.212	0.360	
CV error (K=6): 0.07152
Writing output files.
