****                   ADMIXTURE Version 1.3.0                  ****
****                    Copyright 2008-2015                     ****
****           David Alexander, Suyash Shringarpure,            ****
****                John  Novembre, Ken Lange                   ****
****                                                            ****
****                 Please cite our paper!                     ****
****   Information at www.genetics.ucla.edu/software/admixture  ****

Cross-validation will be performed.  Folds=10.
Parallel execution requested.  Will use 24 threads.
Random seed: 43
Point estimation method: Block relaxation algorithm
Convergence acceleration algorithm: QuasiNewton, 3 secant conditions
Point estimation will terminate when objective function delta < 0.0001
Estimation of standard errors disabled; will compute point estimates only.
Size of G: 150x290856
Performing five EM steps to prime main algorithm
1 (EM) 	Elapsed: 2.184	Loglikelihood: -7.87845e+06	(delta): 5.42257e+07
2 (EM) 	Elapsed: 2.123	Loglikelihood: -7.50757e+06	(delta): 370880
3 (EM) 	Elapsed: 2.15	Loglikelihood: -7.42761e+06	(delta): 79962.7
4 (EM) 	Elapsed: 2.159	Loglikelihood: -7.37096e+06	(delta): 56652.2
5 (EM) 	Elapsed: 2.132	Loglikelihood: -7.31968e+06	(delta): 51276
Initial loglikelihood: -7.31968e+06
Starting main algorithm
1 (QN/Block) 	Elapsed: 9.96	Loglikelihood: -5.10799e+06	(delta): 2.21169e+06
2 (QN/Block) 	Elapsed: 9.866	Loglikelihood: -4.58194e+06	(delta): 526050
3 (QN/Block) 	Elapsed: 10.407	Loglikelihood: -4.33432e+06	(delta): 247617
4 (QN/Block) 	Elapsed: 10.34	Loglikelihood: -4.18016e+06	(delta): 154168
5 (QN/Block) 	Elapsed: 10.415	Loglikelihood: -4.10386e+06	(delta): 76294.6
6 (QN/Block) 	Elapsed: 10.34	Loglikelihood: -4.07893e+06	(delta): 24928.2
7 (QN/Block) 	Elapsed: 10.33	Loglikelihood: -4.07196e+06	(delta): 6972.01
8 (QN/Block) 	Elapsed: 10.315	Loglikelihood: -4.06743e+06	(delta): 4527.17
9 (QN/Block) 	Elapsed: 10.417	Loglikelihood: -4.06301e+06	(delta): 4427.11
10 (QN/Block) 	Elapsed: 10.351	Loglikelihood: -4.05876e+06	(delta): 4249.48
11 (QN/Block) 	Elapsed: 10.45	Loglikelihood: -4.05625e+06	(delta): 2509.46
12 (QN/Block) 	Elapsed: 10.361	Loglikelihood: -4.05551e+06	(delta): 739.343
13 (QN/Block) 	Elapsed: 10.389	Loglikelihood: -4.05517e+06	(delta): 341.575
14 (QN/Block) 	Elapsed: 10.439	Loglikelihood: -4.05496e+06	(delta): 204.647
15 (QN/Block) 	Elapsed: 10.35	Loglikelihood: -4.05473e+06	(delta): 229.253
16 (QN/Block) 	Elapsed: 10.367	Loglikelihood: -4.05469e+06	(delta): 39.6094
17 (QN/Block) 	Elapsed: 10.413	Loglikelihood: -4.05468e+06	(delta): 9.08082
18 (QN/Block) 	Elapsed: 10.374	Loglikelihood: -4.05468e+06	(delta): 0.921947
19 (QN/Block) 	Elapsed: 10.398	Loglikelihood: -4.05468e+06	(delta): 0.108851
20 (QN/Block) 	Elapsed: 10.342	Loglikelihood: -4.05468e+06	(delta): 0.00915029
21 (QN/Block) 	Elapsed: 10.396	Loglikelihood: -4.05468e+06	(delta): 0.000312966
22 (QN/Block) 	Elapsed: 10.343	Loglikelihood: -4.05468e+06	(delta): 3.99854e-05
Summary: 
Converged in 22 iterations (239.525 sec)
Loglikelihood: -4054682.789773
Fst divergences between estimated populations: 
	Pop0	Pop1	Pop2	Pop3	Pop4	Pop5	Pop6	Pop7	Pop8	Pop9	Pop10	Pop11	Pop12	Pop13	Pop14	Pop15	Pop16	
Pop0	
Pop1	0.288	
Pop2	0.400	0.419	
Pop3	0.449	0.461	0.232	
Pop4	0.393	0.402	0.394	0.447	
Pop5	0.526	0.562	0.505	0.558	0.509	
Pop6	0.520	0.530	0.501	0.546	0.456	0.512	
Pop7	0.341	0.349	0.353	0.401	0.225	0.458	0.406	
Pop8	0.342	0.310	0.440	0.484	0.383	0.566	0.517	0.322	
Pop9	0.308	0.288	0.417	0.466	0.414	0.553	0.540	0.359	0.286	
Pop10	0.568	0.588	0.539	0.587	0.519	0.574	0.502	0.454	0.579	0.570	
Pop11	0.415	0.430	0.166	0.244	0.405	0.514	0.511	0.362	0.449	0.427	0.550	
Pop12	0.457	0.478	0.451	0.499	0.409	0.569	0.525	0.357	0.466	0.468	0.571	0.463	
Pop13	0.350	0.373	0.365	0.416	0.249	0.464	0.440	0.212	0.367	0.388	0.503	0.379	0.389	
Pop14	0.491	0.508	0.467	0.518	0.440	0.601	0.561	0.394	0.502	0.502	0.608	0.478	0.207	0.423	
Pop15	0.447	0.466	0.443	0.490	0.395	0.560	0.517	0.350	0.453	0.452	0.556	0.454	0.153	0.380	0.187	
Pop16	0.480	0.490	0.467	0.515	0.423	0.372	0.380	0.356	0.474	0.490	0.392	0.475	0.487	0.413	0.524	0.477	
Pop17	0.378	0.408	0.375	0.426	0.333	0.485	0.485	0.280	0.420	0.409	0.537	0.382	0.419	0.279	0.454	0.410	0.447	
CV error (K=18): 0.06712
Writing output files.
