****                   ADMIXTURE Version 1.3.0                  ****
****                    Copyright 2008-2015                     ****
****           David Alexander, Suyash Shringarpure,            ****
****                John  Novembre, Ken Lange                   ****
****                                                            ****
****                 Please cite our paper!                     ****
****   Information at www.genetics.ucla.edu/software/admixture  ****

Cross-validation will be performed.  Folds=10.
Random seed: 43
Point estimation method: Block relaxation algorithm
Convergence acceleration algorithm: QuasiNewton, 3 secant conditions
Point estimation will terminate when objective function delta < 0.0001
Estimation of standard errors disabled; will compute point estimates only.
Size of G: 150x290856
Performing five EM steps to prime main algorithm
1 (EM) 	Elapsed: 2.874	Loglikelihood: -7.94892e+06	(delta): 5.67645e+07
2 (EM) 	Elapsed: 2.855	Loglikelihood: -7.60116e+06	(delta): 347760
3 (EM) 	Elapsed: 2.846	Loglikelihood: -7.51513e+06	(delta): 86038.9
4 (EM) 	Elapsed: 2.835	Loglikelihood: -7.45755e+06	(delta): 57572.6
5 (EM) 	Elapsed: 2.836	Loglikelihood: -7.4107e+06	(delta): 46849
Initial loglikelihood: -7.4107e+06
Starting main algorithm
1 (QN/Block) 	Elapsed: 10.434	Loglikelihood: -5.45123e+06	(delta): 1.95948e+06
2 (QN/Block) 	Elapsed: 10.459	Loglikelihood: -5.03401e+06	(delta): 417214
3 (QN/Block) 	Elapsed: 11.485	Loglikelihood: -4.88668e+06	(delta): 147330
4 (QN/Block) 	Elapsed: 11.968	Loglikelihood: -4.79427e+06	(delta): 92409.1
5 (QN/Block) 	Elapsed: 11.463	Loglikelihood: -4.74057e+06	(delta): 53706.7
6 (QN/Block) 	Elapsed: 11.496	Loglikelihood: -4.71495e+06	(delta): 25615.8
7 (QN/Block) 	Elapsed: 11.467	Loglikelihood: -4.70664e+06	(delta): 8313.41
8 (QN/Block) 	Elapsed: 11.902	Loglikelihood: -4.70343e+06	(delta): 3208.05
9 (QN/Block) 	Elapsed: 11.451	Loglikelihood: -4.70226e+06	(delta): 1166.27
10 (QN/Block) 	Elapsed: 11.435	Loglikelihood: -4.70184e+06	(delta): 421.917
11 (QN/Block) 	Elapsed: 11.452	Loglikelihood: -4.70179e+06	(delta): 54.2947
12 (QN/Block) 	Elapsed: 11.446	Loglikelihood: -4.70178e+06	(delta): 6.59619
13 (QN/Block) 	Elapsed: 11.419	Loglikelihood: -4.70178e+06	(delta): 1.05993
14 (QN/Block) 	Elapsed: 11.433	Loglikelihood: -4.70178e+06	(delta): 0.107222
15 (QN/Block) 	Elapsed: 11.435	Loglikelihood: -4.70178e+06	(delta): 0.0164987
16 (QN/Block) 	Elapsed: 11.422	Loglikelihood: -4.70178e+06	(delta): 0.000364241
17 (QN/Block) 	Elapsed: 11.466	Loglikelihood: -4.70178e+06	(delta): 3.14824e-05
Summary: 
Converged in 17 iterations (218.22 sec)
Loglikelihood: -4701778.002634
Fst divergences between estimated populations: 
	Pop0	Pop1	Pop2	Pop3	Pop4	Pop5	
Pop0	
Pop1	0.473	
Pop2	0.473	0.401	
Pop3	0.411	0.380	0.369	
Pop4	0.217	0.408	0.407	0.337	
Pop5	0.403	0.354	0.362	0.314	0.340	
Pop6	0.377	0.297	0.303	0.230	0.309	0.243	
CV error (K=7): 0.06847
Writing output files.
