****                   ADMIXTURE Version 1.3.0                  ****
****                    Copyright 2008-2015                     ****
****           David Alexander, Suyash Shringarpure,            ****
****                John  Novembre, Ken Lange                   ****
****                                                            ****
****                 Please cite our paper!                     ****
****   Information at www.genetics.ucla.edu/software/admixture  ****

Cross-validation will be performed.  Folds=10.
Random seed: 43
Point estimation method: Block relaxation algorithm
Convergence acceleration algorithm: QuasiNewton, 3 secant conditions
Point estimation will terminate when objective function delta < 0.0001
Estimation of standard errors disabled; will compute point estimates only.
Size of G: 150x290856
Performing five EM steps to prime main algorithm
1 (EM) 	Elapsed: 1.404	Loglikelihood: -7.8294e+06	(delta): 6.76869e+07
2 (EM) 	Elapsed: 1.394	Loglikelihood: -7.56854e+06	(delta): 260864
3 (EM) 	Elapsed: 1.427	Loglikelihood: -7.50108e+06	(delta): 67460.9
4 (EM) 	Elapsed: 1.415	Loglikelihood: -7.47129e+06	(delta): 29785.3
5 (EM) 	Elapsed: 2.043	Loglikelihood: -7.45757e+06	(delta): 13728.7
Initial loglikelihood: -7.45757e+06
Starting main algorithm
1 (QN/Block) 	Elapsed: 3.426	Loglikelihood: -6.85451e+06	(delta): 603052
2 (QN/Block) 	Elapsed: 3.282	Loglikelihood: -6.64582e+06	(delta): 208691
3 (QN/Block) 	Elapsed: 3.809	Loglikelihood: -6.5387e+06	(delta): 107119
4 (QN/Block) 	Elapsed: 3.773	Loglikelihood: -6.48146e+06	(delta): 57242.2
5 (QN/Block) 	Elapsed: 3.835	Loglikelihood: -6.46093e+06	(delta): 20530.9
6 (QN/Block) 	Elapsed: 4.51	Loglikelihood: -6.45561e+06	(delta): 5324.17
7 (QN/Block) 	Elapsed: 4.118	Loglikelihood: -6.45363e+06	(delta): 1976.4
8 (QN/Block) 	Elapsed: 4.527	Loglikelihood: -6.45333e+06	(delta): 296.804
9 (QN/Block) 	Elapsed: 4.548	Loglikelihood: -6.45325e+06	(delta): 82.5702
10 (QN/Block) 	Elapsed: 4.294	Loglikelihood: -6.4532e+06	(delta): 47.0601
11 (QN/Block) 	Elapsed: 4.537	Loglikelihood: -6.4532e+06	(delta): 1.82393
12 (QN/Block) 	Elapsed: 4.535	Loglikelihood: -6.4532e+06	(delta): 0.03295
13 (QN/Block) 	Elapsed: 3.809	Loglikelihood: -6.4532e+06	(delta): 0.0295215
14 (QN/Block) 	Elapsed: 3.831	Loglikelihood: -6.4532e+06	(delta): 0.0019598
15 (QN/Block) 	Elapsed: 3.802	Loglikelihood: -6.4532e+06	(delta): 0.000571921
16 (QN/Block) 	Elapsed: 3.807	Loglikelihood: -6.4532e+06	(delta): 5.12581e-05
Summary: 
Converged in 16 iterations (77.961 sec)
Loglikelihood: -6453201.739684
Fst divergences between estimated populations: 
	Pop0	
Pop0	
Pop1	0.255	
CV error (K=2): 0.10279
Writing output files.
