****                   ADMIXTURE Version 1.3.0                  ****
****                    Copyright 2008-2015                     ****
****           David Alexander, Suyash Shringarpure,            ****
****                John  Novembre, Ken Lange                   ****
****                                                            ****
****                 Please cite our paper!                     ****
****   Information at www.genetics.ucla.edu/software/admixture  ****

Cross-validation will be performed.  Folds=10.
Parallel execution requested.  Will use 24 threads.
Random seed: 43
Point estimation method: Block relaxation algorithm
Convergence acceleration algorithm: QuasiNewton, 3 secant conditions
Point estimation will terminate when objective function delta < 0.0001
Estimation of standard errors disabled; will compute point estimates only.
Size of G: 150x290856
Performing five EM steps to prime main algorithm
1 (EM) 	Elapsed: 2.013	Loglikelihood: -7.88436e+06	(delta): 5.42976e+07
2 (EM) 	Elapsed: 2.048	Loglikelihood: -7.51303e+06	(delta): 371328
3 (EM) 	Elapsed: 2.06	Loglikelihood: -7.4321e+06	(delta): 80930.1
4 (EM) 	Elapsed: 2.018	Loglikelihood: -7.37444e+06	(delta): 57661
5 (EM) 	Elapsed: 2.022	Loglikelihood: -7.32193e+06	(delta): 52511.4
Initial loglikelihood: -7.32193e+06
Starting main algorithm
1 (QN/Block) 	Elapsed: 9.39	Loglikelihood: -5.12157e+06	(delta): 2.20036e+06
2 (QN/Block) 	Elapsed: 9.542	Loglikelihood: -4.47961e+06	(delta): 641962
3 (QN/Block) 	Elapsed: 9.957	Loglikelihood: -4.24604e+06	(delta): 233572
4 (QN/Block) 	Elapsed: 9.939	Loglikelihood: -4.13964e+06	(delta): 106393
5 (QN/Block) 	Elapsed: 9.93	Loglikelihood: -4.10439e+06	(delta): 35247.7
6 (QN/Block) 	Elapsed: 9.972	Loglikelihood: -4.09543e+06	(delta): 8967.31
7 (QN/Block) 	Elapsed: 9.934	Loglikelihood: -4.09303e+06	(delta): 2400.75
8 (QN/Block) 	Elapsed: 9.929	Loglikelihood: -4.09218e+06	(delta): 843.468
9 (QN/Block) 	Elapsed: 9.886	Loglikelihood: -4.09181e+06	(delta): 371.197
10 (QN/Block) 	Elapsed: 9.991	Loglikelihood: -4.09152e+06	(delta): 294.455
11 (QN/Block) 	Elapsed: 10.017	Loglikelihood: -4.09136e+06	(delta): 160.585
12 (QN/Block) 	Elapsed: 10.113	Loglikelihood: -4.0913e+06	(delta): 54.0593
13 (QN/Block) 	Elapsed: 9.965	Loglikelihood: -4.09124e+06	(delta): 67.1404
14 (QN/Block) 	Elapsed: 9.905	Loglikelihood: -4.09114e+06	(delta): 99.8054
15 (QN/Block) 	Elapsed: 9.999	Loglikelihood: -4.0911e+06	(delta): 32.889
16 (QN/Block) 	Elapsed: 10.027	Loglikelihood: -4.09108e+06	(delta): 26.3381
17 (QN/Block) 	Elapsed: 9.895	Loglikelihood: -4.09102e+06	(delta): 59.4635
18 (QN/Block) 	Elapsed: 10.059	Loglikelihood: -4.09098e+06	(delta): 34.804
19 (QN/Block) 	Elapsed: 10.097	Loglikelihood: -4.09095e+06	(delta): 29.1482
20 (QN/Block) 	Elapsed: 10.13	Loglikelihood: -4.09095e+06	(delta): 6.18903
21 (QN/Block) 	Elapsed: 10.062	Loglikelihood: -4.09095e+06	(delta): 1.31421
22 (QN/Block) 	Elapsed: 9.93	Loglikelihood: -4.09095e+06	(delta): 0.239203
23 (QN/Block) 	Elapsed: 9.95	Loglikelihood: -4.09095e+06	(delta): 0.0674413
24 (QN/Block) 	Elapsed: 9.953	Loglikelihood: -4.09095e+06	(delta): 0.00089873
25 (QN/Block) 	Elapsed: 9.934	Loglikelihood: -4.09095e+06	(delta): 1.12285e-05
Summary: 
Converged in 25 iterations (260.088 sec)
Loglikelihood: -4090945.409995
Fst divergences between estimated populations: 
	Pop0	Pop1	Pop2	Pop3	Pop4	Pop5	Pop6	Pop7	Pop8	Pop9	Pop10	Pop11	Pop12	Pop13	Pop14	Pop15	
Pop0	
Pop1	0.351	
Pop2	0.540	0.486	
Pop3	0.579	0.527	0.189	
Pop4	0.447	0.400	0.350	0.392	
Pop5	0.619	0.563	0.526	0.572	0.421	
Pop6	0.487	0.445	0.392	0.438	0.224	0.487	
Pop7	0.583	0.529	0.527	0.565	0.422	0.490	0.475	
Pop8	0.442	0.357	0.552	0.595	0.466	0.631	0.511	0.602	
Pop9	0.472	0.409	0.403	0.451	0.304	0.492	0.353	0.456	0.481	
Pop10	0.543	0.489	0.129	0.195	0.349	0.528	0.401	0.523	0.558	0.411	
Pop11	0.605	0.546	0.521	0.560	0.407	0.451	0.456	0.472	0.619	0.479	0.516	
Pop12	0.457	0.413	0.377	0.422	0.211	0.469	0.248	0.428	0.477	0.320	0.380	0.438	
Pop13	0.468	0.421	0.405	0.450	0.276	0.505	0.330	0.453	0.489	0.340	0.407	0.481	0.275	
Pop14	0.412	0.314	0.531	0.571	0.440	0.609	0.488	0.574	0.313	0.456	0.533	0.591	0.456	0.466	
Pop15	0.534	0.482	0.448	0.483	0.319	0.528	0.381	0.522	0.545	0.250	0.450	0.514	0.364	0.411	0.523	
Pop16	0.287	0.225	0.450	0.490	0.362	0.526	0.405	0.489	0.326	0.378	0.455	0.512	0.378	0.379	0.287	0.444	
CV error (K=17): 0.06863
Writing output files.
