****                   ADMIXTURE Version 1.3.0                  ****
****                    Copyright 2008-2015                     ****
****           David Alexander, Suyash Shringarpure,            ****
****                John  Novembre, Ken Lange                   ****
****                                                            ****
****                 Please cite our paper!                     ****
****   Information at www.genetics.ucla.edu/software/admixture  ****

Cross-validation will be performed.  Folds=10.
Parallel execution requested.  Will use 24 threads.
Random seed: 43
Point estimation method: Block relaxation algorithm
Convergence acceleration algorithm: QuasiNewton, 3 secant conditions
Point estimation will terminate when objective function delta < 0.0001
Estimation of standard errors disabled; will compute point estimates only.
Size of G: 150x290856
Performing five EM steps to prime main algorithm
1 (EM) 	Elapsed: 1.589	Loglikelihood: -7.91355e+06	(delta): 5.49892e+07
2 (EM) 	Elapsed: 1.579	Loglikelihood: -7.55743e+06	(delta): 356126
3 (EM) 	Elapsed: 1.609	Loglikelihood: -7.48179e+06	(delta): 75641.1
4 (EM) 	Elapsed: 1.595	Loglikelihood: -7.43154e+06	(delta): 50247.3
5 (EM) 	Elapsed: 1.582	Loglikelihood: -7.38885e+06	(delta): 42687.9
Initial loglikelihood: -7.38885e+06
Starting main algorithm
1 (QN/Block) 	Elapsed: 6.78	Loglikelihood: -5.32866e+06	(delta): 2.06019e+06
2 (QN/Block) 	Elapsed: 6.752	Loglikelihood: -4.78062e+06	(delta): 548040
3 (QN/Block) 	Elapsed: 7.084	Loglikelihood: -4.58577e+06	(delta): 194855
4 (QN/Block) 	Elapsed: 7.086	Loglikelihood: -4.45258e+06	(delta): 133187
5 (QN/Block) 	Elapsed: 7.076	Loglikelihood: -4.38737e+06	(delta): 65212.8
6 (QN/Block) 	Elapsed: 7.054	Loglikelihood: -4.36736e+06	(delta): 20010.9
7 (QN/Block) 	Elapsed: 7.126	Loglikelihood: -4.36001e+06	(delta): 7343.01
8 (QN/Block) 	Elapsed: 7.171	Loglikelihood: -4.35634e+06	(delta): 3674.15
9 (QN/Block) 	Elapsed: 7.059	Loglikelihood: -4.3545e+06	(delta): 1842.09
10 (QN/Block) 	Elapsed: 7.104	Loglikelihood: -4.35384e+06	(delta): 656.066
11 (QN/Block) 	Elapsed: 7.126	Loglikelihood: -4.35326e+06	(delta): 580.393
12 (QN/Block) 	Elapsed: 7.076	Loglikelihood: -4.3526e+06	(delta): 662.392
13 (QN/Block) 	Elapsed: 7.051	Loglikelihood: -4.35227e+06	(delta): 326.215
14 (QN/Block) 	Elapsed: 7.115	Loglikelihood: -4.3521e+06	(delta): 169.328
15 (QN/Block) 	Elapsed: 7.104	Loglikelihood: -4.35205e+06	(delta): 51.9595
16 (QN/Block) 	Elapsed: 7.053	Loglikelihood: -4.35203e+06	(delta): 25.4969
17 (QN/Block) 	Elapsed: 7.105	Loglikelihood: -4.35201e+06	(delta): 12.051
18 (QN/Block) 	Elapsed: 7.085	Loglikelihood: -4.35201e+06	(delta): 6.34911
19 (QN/Block) 	Elapsed: 7.109	Loglikelihood: -4.352e+06	(delta): 5.64264
20 (QN/Block) 	Elapsed: 7.05	Loglikelihood: -4.352e+06	(delta): 3.92924
21 (QN/Block) 	Elapsed: 7.076	Loglikelihood: -4.35199e+06	(delta): 6.08835
22 (QN/Block) 	Elapsed: 7.075	Loglikelihood: -4.35198e+06	(delta): 6.6394
23 (QN/Block) 	Elapsed: 7.063	Loglikelihood: -4.35198e+06	(delta): 8.7361
24 (QN/Block) 	Elapsed: 7.09	Loglikelihood: -4.35196e+06	(delta): 19.9217
25 (QN/Block) 	Elapsed: 7.049	Loglikelihood: -4.35193e+06	(delta): 29.393
26 (QN/Block) 	Elapsed: 7.045	Loglikelihood: -4.35191e+06	(delta): 13.7339
27 (QN/Block) 	Elapsed: 7.206	Loglikelihood: -4.35191e+06	(delta): 7.60519
28 (QN/Block) 	Elapsed: 7.195	Loglikelihood: -4.3519e+06	(delta): 0.958087
29 (QN/Block) 	Elapsed: 7.068	Loglikelihood: -4.3519e+06	(delta): 0.156806
30 (QN/Block) 	Elapsed: 7.084	Loglikelihood: -4.3519e+06	(delta): 0.0166842
31 (QN/Block) 	Elapsed: 7.054	Loglikelihood: -4.3519e+06	(delta): 0.00123397
32 (QN/Block) 	Elapsed: 7.088	Loglikelihood: -4.3519e+06	(delta): 0.00010578
33 (QN/Block) 	Elapsed: 7.02	Loglikelihood: -4.3519e+06	(delta): 2.39071e-06
Summary: 
Converged in 33 iterations (242.553 sec)
Loglikelihood: -4351904.026468
Fst divergences between estimated populations: 
	Pop0	Pop1	Pop2	Pop3	Pop4	Pop5	Pop6	Pop7	Pop8	Pop9	Pop10	
Pop0	
Pop1	0.402	
Pop2	0.480	0.336	
Pop3	0.548	0.404	0.496	
Pop4	0.404	0.270	0.374	0.444	
Pop5	0.244	0.362	0.445	0.511	0.371	
Pop6	0.493	0.356	0.126	0.512	0.384	0.456	
Pop7	0.447	0.224	0.388	0.469	0.324	0.405	0.399	
Pop8	0.478	0.336	0.431	0.327	0.364	0.439	0.448	0.387	
Pop9	0.422	0.275	0.391	0.484	0.329	0.378	0.410	0.328	0.394	
Pop10	0.232	0.353	0.433	0.501	0.360	0.166	0.445	0.393	0.432	0.370	
Pop11	0.415	0.211	0.367	0.452	0.297	0.378	0.383	0.249	0.358	0.274	0.364	
CV error (K=12): 0.06846
Writing output files.
