****                   ADMIXTURE Version 1.3.0                  ****
****                    Copyright 2008-2015                     ****
****           David Alexander, Suyash Shringarpure,            ****
****                John  Novembre, Ken Lange                   ****
****                                                            ****
****                 Please cite our paper!                     ****
****   Information at www.genetics.ucla.edu/software/admixture  ****

Cross-validation will be performed.  Folds=10.
Random seed: 43
Point estimation method: Block relaxation algorithm
Convergence acceleration algorithm: QuasiNewton, 3 secant conditions
Point estimation will terminate when objective function delta < 0.0001
Estimation of standard errors disabled; will compute point estimates only.
Size of G: 150x290856
Performing five EM steps to prime main algorithm
1 (EM) 	Elapsed: 2	Loglikelihood: -7.97086e+06	(delta): 6.00521e+07
2 (EM) 	Elapsed: 1.994	Loglikelihood: -7.63807e+06	(delta): 332792
3 (EM) 	Elapsed: 2.003	Loglikelihood: -7.54713e+06	(delta): 90943.8
4 (EM) 	Elapsed: 1.998	Loglikelihood: -7.49198e+06	(delta): 55147.3
5 (EM) 	Elapsed: 2.434	Loglikelihood: -7.45358e+06	(delta): 38397.1
Initial loglikelihood: -7.45358e+06
Starting main algorithm
1 (QN/Block) 	Elapsed: 6.31	Loglikelihood: -6.04111e+06	(delta): 1.41247e+06
2 (QN/Block) 	Elapsed: 5.969	Loglikelihood: -5.68493e+06	(delta): 356180
3 (QN/Block) 	Elapsed: 6.895	Loglikelihood: -5.52158e+06	(delta): 163354
4 (QN/Block) 	Elapsed: 7.007	Loglikelihood: -5.42257e+06	(delta): 99006.4
5 (QN/Block) 	Elapsed: 6.764	Loglikelihood: -5.38457e+06	(delta): 37997.6
6 (QN/Block) 	Elapsed: 6.719	Loglikelihood: -5.3747e+06	(delta): 9874.71
7 (QN/Block) 	Elapsed: 7.022	Loglikelihood: -5.37351e+06	(delta): 1181.99
8 (QN/Block) 	Elapsed: 6.716	Loglikelihood: -5.37317e+06	(delta): 339.74
9 (QN/Block) 	Elapsed: 6.729	Loglikelihood: -5.37305e+06	(delta): 125.623
10 (QN/Block) 	Elapsed: 6.733	Loglikelihood: -5.37302e+06	(delta): 32.6819
11 (QN/Block) 	Elapsed: 6.721	Loglikelihood: -5.37301e+06	(delta): 6.43998
12 (QN/Block) 	Elapsed: 6.723	Loglikelihood: -5.37301e+06	(delta): 0.726187
13 (QN/Block) 	Elapsed: 6.715	Loglikelihood: -5.37301e+06	(delta): 0.0424919
14 (QN/Block) 	Elapsed: 6.72	Loglikelihood: -5.37301e+06	(delta): 0.00287202
15 (QN/Block) 	Elapsed: 6.706	Loglikelihood: -5.37301e+06	(delta): 0.00022464
16 (QN/Block) 	Elapsed: 6.708	Loglikelihood: -5.37301e+06	(delta): 7.22613e-06
Summary: 
Converged in 16 iterations (124.535 sec)
Loglikelihood: -5373009.377445
Fst divergences between estimated populations: 
	Pop0	Pop1	Pop2	
Pop0	
Pop1	0.386	
Pop2	0.254	0.250	
Pop3	0.394	0.391	0.268	
CV error (K=4): 0.07993
Writing output files.
