****                   ADMIXTURE Version 1.3.0                  ****
****                    Copyright 2008-2015                     ****
****           David Alexander, Suyash Shringarpure,            ****
****                John  Novembre, Ken Lange                   ****
****                                                            ****
****                 Please cite our paper!                     ****
****   Information at www.genetics.ucla.edu/software/admixture  ****

Cross-validation will be performed.  Folds=10.
Parallel execution requested.  Will use 24 threads.
Random seed: 43
Point estimation method: Block relaxation algorithm
Convergence acceleration algorithm: QuasiNewton, 3 secant conditions
Point estimation will terminate when objective function delta < 0.0001
Estimation of standard errors disabled; will compute point estimates only.
Size of G: 150x290856
Performing five EM steps to prime main algorithm
1 (EM) 	Elapsed: 1.446	Loglikelihood: -7.91471e+06	(delta): 5.52101e+07
2 (EM) 	Elapsed: 1.452	Loglikelihood: -7.5565e+06	(delta): 358207
3 (EM) 	Elapsed: 1.445	Loglikelihood: -7.47683e+06	(delta): 79673.6
4 (EM) 	Elapsed: 1.423	Loglikelihood: -7.42298e+06	(delta): 53848.7
5 (EM) 	Elapsed: 1.442	Loglikelihood: -7.37722e+06	(delta): 45757.2
Initial loglikelihood: -7.37722e+06
Starting main algorithm
1 (QN/Block) 	Elapsed: 6.323	Loglikelihood: -5.29508e+06	(delta): 2.08214e+06
2 (QN/Block) 	Elapsed: 6.259	Loglikelihood: -4.76277e+06	(delta): 532309
3 (QN/Block) 	Elapsed: 6.604	Loglikelihood: -4.57525e+06	(delta): 187524
4 (QN/Block) 	Elapsed: 6.59	Loglikelihood: -4.4846e+06	(delta): 90648.6
5 (QN/Block) 	Elapsed: 6.616	Loglikelihood: -4.45687e+06	(delta): 27726.4
6 (QN/Block) 	Elapsed: 6.675	Loglikelihood: -4.44972e+06	(delta): 7151.7
7 (QN/Block) 	Elapsed: 6.673	Loglikelihood: -4.44692e+06	(delta): 2802.27
8 (QN/Block) 	Elapsed: 6.677	Loglikelihood: -4.44563e+06	(delta): 1294.95
9 (QN/Block) 	Elapsed: 6.663	Loglikelihood: -4.44498e+06	(delta): 649.794
10 (QN/Block) 	Elapsed: 6.656	Loglikelihood: -4.4444e+06	(delta): 574.124
11 (QN/Block) 	Elapsed: 6.802	Loglikelihood: -4.44405e+06	(delta): 355.933
12 (QN/Block) 	Elapsed: 6.784	Loglikelihood: -4.44386e+06	(delta): 180.984
13 (QN/Block) 	Elapsed: 6.737	Loglikelihood: -4.44369e+06	(delta): 178.126
14 (QN/Block) 	Elapsed: 6.764	Loglikelihood: -4.44358e+06	(delta): 102.501
15 (QN/Block) 	Elapsed: 6.708	Loglikelihood: -4.4434e+06	(delta): 185.369
16 (QN/Block) 	Elapsed: 6.731	Loglikelihood: -4.44278e+06	(delta): 619.673
17 (QN/Block) 	Elapsed: 6.753	Loglikelihood: -4.44232e+06	(delta): 457.52
18 (QN/Block) 	Elapsed: 6.682	Loglikelihood: -4.44219e+06	(delta): 132.253
19 (QN/Block) 	Elapsed: 6.649	Loglikelihood: -4.44213e+06	(delta): 55.2741
20 (QN/Block) 	Elapsed: 6.62	Loglikelihood: -4.44208e+06	(delta): 56.2639
21 (QN/Block) 	Elapsed: 6.76	Loglikelihood: -4.44201e+06	(delta): 69.5014
22 (QN/Block) 	Elapsed: 6.643	Loglikelihood: -4.44199e+06	(delta): 16.4272
23 (QN/Block) 	Elapsed: 6.639	Loglikelihood: -4.44195e+06	(delta): 38.4351
24 (QN/Block) 	Elapsed: 6.634	Loglikelihood: -4.44192e+06	(delta): 34.6552
25 (QN/Block) 	Elapsed: 6.619	Loglikelihood: -4.44191e+06	(delta): 7.75244
26 (QN/Block) 	Elapsed: 6.649	Loglikelihood: -4.44191e+06	(delta): 4.88408
27 (QN/Block) 	Elapsed: 6.762	Loglikelihood: -4.4419e+06	(delta): 1.05515
28 (QN/Block) 	Elapsed: 6.636	Loglikelihood: -4.4419e+06	(delta): 0.411715
29 (QN/Block) 	Elapsed: 6.658	Loglikelihood: -4.4419e+06	(delta): 0.0736058
30 (QN/Block) 	Elapsed: 6.645	Loglikelihood: -4.4419e+06	(delta): 0.0121193
31 (QN/Block) 	Elapsed: 6.644	Loglikelihood: -4.4419e+06	(delta): 0.00265583
32 (QN/Block) 	Elapsed: 6.649	Loglikelihood: -4.4419e+06	(delta): 0.000263041
33 (QN/Block) 	Elapsed: 6.643	Loglikelihood: -4.4419e+06	(delta): 2.45646e-05
Summary: 
Converged in 33 iterations (228.03 sec)
Loglikelihood: -4441904.211403
Fst divergences between estimated populations: 
	Pop0	Pop1	Pop2	Pop3	Pop4	Pop5	Pop6	Pop7	Pop8	Pop9	
Pop0	
Pop1	0.413	
Pop2	0.479	0.510	
Pop3	0.415	0.439	0.497	
Pop4	0.349	0.411	0.486	0.394	
Pop5	0.424	0.447	0.511	0.123	0.411	
Pop6	0.345	0.361	0.451	0.366	0.274	0.381	
Pop7	0.345	0.249	0.474	0.400	0.340	0.409	0.318	
Pop8	0.315	0.300	0.387	0.319	0.252	0.334	0.179	0.281	
Pop9	0.410	0.435	0.327	0.431	0.396	0.448	0.356	0.390	0.315	
Pop10	0.217	0.478	0.548	0.480	0.423	0.493	0.412	0.410	0.385	0.477	
CV error (K=11): 0.06765
Writing output files.
